<?xml version="1.0" encoding="UTF-8"?>
<!-- Generated by org.testng.reporters.JUnitXMLReporter -->
<testsuite ignored="0" hostname="LTIN294257" failures="1" tests="25" name="Test1" time="73.671" errors="0" timestamp="2024-01-08T11:16:39 IST">
  <testcase classname="baseClass.BaseClass" name="@AfterTest tearDown" time="0.001">
    <failure type="org.openqa.selenium.remote.UnreachableBrowserException" message="Error communicating with the remote browser. It may have died.
Build info: version: &amp;apos;4.11.0&amp;apos;, revision: &amp;apos;040bc5406b&amp;apos;
System info: os.name: &amp;apos;Windows 11&amp;apos;, os.arch: &amp;apos;amd64&amp;apos;, os.version: &amp;apos;10.0&amp;apos;, java.version: &amp;apos;19.0.2&amp;apos;
Driver info: org.openqa.selenium.chrome.ChromeDriver
Command: [e8585a782204e5631d14eae6a24238ee, quit []]
Capabilities {acceptInsecureCerts: false, browserName: chrome, browserVersion: 118.0.5993.71, chrome: {chromedriverVersion: 118.0.5993.70 (e52f33f30b91..., userDataDir: C:\Windows\SystemTemp\scope...}, fedcm:accounts: true, goog:chromeOptions: {debuggerAddress: localhost:60186}, networkConnectionEnabled: false, pageLoadStrategy: normal, platformName: windows, proxy: Proxy(), se:cdp: ws://localhost:60186/devtoo..., se:cdpVersion: 118.0.5993.71, setWindowRect: true, strictFileInteractability: false, timeouts: {implicit: 0, pageLoad: 300000, script: 30000}, unhandledPromptBehavior: dismiss and notify, webauthn:extension:credBlob: true, webauthn:extension:largeBlob: true, webauthn:extension:minPinLength: true, webauthn:extension:prf: true, webauthn:virtualAuthenticators: true}
Session ID: e8585a782204e5631d14eae6a24238ee">
      <![CDATA[org.openqa.selenium.remote.UnreachableBrowserException: Error communicating with the remote browser. It may have died.
Build info: version: '4.11.0', revision: '040bc5406b'
System info: os.name: 'Windows 11', os.arch: 'amd64', os.version: '10.0', java.version: '19.0.2'
Driver info: org.openqa.selenium.chrome.ChromeDriver
Command: [e8585a782204e5631d14eae6a24238ee, quit []]
Capabilities {acceptInsecureCerts: false, browserName: chrome, browserVersion: 118.0.5993.71, chrome: {chromedriverVersion: 118.0.5993.70 (e52f33f30b91..., userDataDir: C:\Windows\SystemTemp\scope...}, fedcm:accounts: true, goog:chromeOptions: {debuggerAddress: localhost:60186}, networkConnectionEnabled: false, pageLoadStrategy: normal, platformName: windows, proxy: Proxy(), se:cdp: ws://localhost:60186/devtoo..., se:cdpVersion: 118.0.5993.71, setWindowRect: true, strictFileInteractability: false, timeouts: {implicit: 0, pageLoad: 300000, script: 30000}, unhandledPromptBehavior: dismiss and notify, webauthn:extension:credBlob: true, webauthn:extension:largeBlob: true, webauthn:extension:minPinLength: true, webauthn:extension:prf: true, webauthn:virtualAuthenticators: true}
Session ID: e8585a782204e5631d14eae6a24238ee
at org.openqa.selenium.remote.RemoteWebDriver.execute(RemoteWebDriver.java:545)
at org.openqa.selenium.remote.RemoteWebDriver.execute(RemoteWebDriver.java:591)
at org.openqa.selenium.remote.RemoteWebDriver.execute(RemoteWebDriver.java:595)
at org.openqa.selenium.remote.RemoteWebDriver.quit(RemoteWebDriver.java:433)
at org.openqa.selenium.chromium.ChromiumDriver.quit(ChromiumDriver.java:351)
at baseClass.BaseClass.tearDown(BaseClass.java:86)
at java.base/java.util.concurrent.FutureTask.run(FutureTask.java:317)
at java.base/java.util.concurrent.ThreadPoolExecutor.runWorker(ThreadPoolExecutor.java:1144)
at java.base/java.util.concurrent.ThreadPoolExecutor$Worker.run(ThreadPoolExecutor.java:642)
at java.base/java.lang.Thread.run(Thread.java:1589)
Caused by: java.util.concurrent.RejectedExecutionException: Task java.util.concurrent.CompletableFuture$AsyncSupply@e375123 rejected from java.util.concurrent.ThreadPoolExecutor@6ba336f0[Shutting down, pool size = 2, active threads = 2, queued tasks = 0, completed tasks = 2]
at java.base/java.util.concurrent.ThreadPoolExecutor$AbortPolicy.rejectedExecution(ThreadPoolExecutor.java:2081)
at java.base/java.util.concurrent.ThreadPoolExecutor.reject(ThreadPoolExecutor.java:841)
at java.base/java.util.concurrent.ThreadPoolExecutor.execute(ThreadPoolExecutor.java:1376)
at java.base/java.util.concurrent.CompletableFuture.asyncSupplyStage(CompletableFuture.java:1782)
at java.base/java.util.concurrent.CompletableFuture.supplyAsync(CompletableFuture.java:2005)
at org.openqa.selenium.remote.service.DriverCommandExecutor.execute(DriverCommandExecutor.java:125)
at org.openqa.selenium.remote.RemoteWebDriver.execute(RemoteWebDriver.java:518)
... 21 more
... Removed 12 stack frames]]>
    </failure>
  </testcase> <!-- @AfterTest tearDown -->
  <testcase classname="baseClass.BaseClass" name="@AfterTest tearDown" time="16.033">
    <failure type="org.openqa.selenium.WebDriverException" message="Timed out waiting for driver server to stop.
Build info: version: &amp;apos;4.11.0&amp;apos;, revision: &amp;apos;040bc5406b&amp;apos;
System info: os.name: &amp;apos;Windows 11&amp;apos;, os.arch: &amp;apos;amd64&amp;apos;, os.version: &amp;apos;10.0&amp;apos;, java.version: &amp;apos;19.0.2&amp;apos;
Driver info: org.openqa.selenium.chrome.ChromeDriver
Command: [e8585a782204e5631d14eae6a24238ee, quit {}]
Capabilities {acceptInsecureCerts: false, browserName: chrome, browserVersion: 118.0.5993.71, chrome: {chromedriverVersion: 118.0.5993.70 (e52f33f30b91..., userDataDir: C:\Windows\SystemTemp\scope...}, fedcm:accounts: true, goog:chromeOptions: {debuggerAddress: localhost:60186}, networkConnectionEnabled: false, pageLoadStrategy: normal, platformName: windows, proxy: Proxy(), se:cdp: ws://localhost:60186/devtoo..., se:cdpVersion: 118.0.5993.71, setWindowRect: true, strictFileInteractability: false, timeouts: {implicit: 0, pageLoad: 300000, script: 30000}, unhandledPromptBehavior: dismiss and notify, webauthn:extension:credBlob: true, webauthn:extension:largeBlob: true, webauthn:extension:minPinLength: true, webauthn:extension:prf: true, webauthn:virtualAuthenticators: true}">
      <![CDATA[org.openqa.selenium.WebDriverException: Timed out waiting for driver server to stop.
Build info: version: '4.11.0', revision: '040bc5406b'
System info: os.name: 'Windows 11', os.arch: 'amd64', os.version: '10.0', java.version: '19.0.2'
Driver info: org.openqa.selenium.chrome.ChromeDriver
Command: [e8585a782204e5631d14eae6a24238ee, quit {}]
Capabilities {acceptInsecureCerts: false, browserName: chrome, browserVersion: 118.0.5993.71, chrome: {chromedriverVersion: 118.0.5993.70 (e52f33f30b91..., userDataDir: C:\Windows\SystemTemp\scope...}, fedcm:accounts: true, goog:chromeOptions: {debuggerAddress: localhost:60186}, networkConnectionEnabled: false, pageLoadStrategy: normal, platformName: windows, proxy: Proxy(), se:cdp: ws://localhost:60186/devtoo..., se:cdpVersion: 118.0.5993.71, setWindowRect: true, strictFileInteractability: false, timeouts: {implicit: 0, pageLoad: 300000, script: 30000}, unhandledPromptBehavior: dismiss and notify, webauthn:extension:credBlob: true, webauthn:extension:largeBlob: true, webauthn:extension:minPinLength: true, webauthn:extension:prf: true, webauthn:virtualAuthenticators: true}
at org.openqa.selenium.remote.service.DriverCommandExecutor.execute(DriverCommandExecutor.java:161)
at org.openqa.selenium.remote.RemoteWebDriver.execute(RemoteWebDriver.java:518)
at org.openqa.selenium.remote.RemoteWebDriver.execute(RemoteWebDriver.java:591)
at org.openqa.selenium.remote.RemoteWebDriver.execute(RemoteWebDriver.java:595)
at org.openqa.selenium.remote.RemoteWebDriver.quit(RemoteWebDriver.java:433)
at org.openqa.selenium.chromium.ChromiumDriver.quit(ChromiumDriver.java:351)
at baseClass.BaseClass.tearDown(BaseClass.java:86)
at java.base/java.util.concurrent.FutureTask.run(FutureTask.java:317)
at java.base/java.util.concurrent.ThreadPoolExecutor.runWorker(ThreadPoolExecutor.java:1144)
at java.base/java.util.concurrent.ThreadPoolExecutor$Worker.run(ThreadPoolExecutor.java:642)
at java.base/java.lang.Thread.run(Thread.java:1589)
Caused by: java.util.concurrent.ExecutionException: java.io.UncheckedIOException: java.net.SocketException: Connection reset
at java.base/java.util.concurrent.CompletableFuture.reportGet(CompletableFuture.java:396)
at java.base/java.util.concurrent.CompletableFuture.get(CompletableFuture.java:2096)
at org.openqa.selenium.remote.service.DriverCommandExecutor.execute(DriverCommandExecutor.java:157)
... 22 more
Caused by: java.io.UncheckedIOException: java.net.SocketException: Connection reset
at org.openqa.selenium.remote.http.netty.NettyHttpHandler.makeCall(NettyHttpHandler.java:73)
at org.openqa.selenium.remote.http.AddSeleniumUserAgent.lambda$apply$0(AddSeleniumUserAgent.java:42)
at org.openqa.selenium.remote.http.Filter.lambda$andFinally$1(Filter.java:55)
at org.openqa.selenium.remote.http.netty.NettyHttpHandler.execute(NettyHttpHandler.java:48)
at org.openqa.selenium.remote.http.netty.NettyClient.execute(NettyClient.java:96)
at org.openqa.selenium.remote.HttpCommandExecutor.execute(HttpCommandExecutor.java:188)
at org.openqa.selenium.remote.service.DriverCommandExecutor.invokeExecute(DriverCommandExecutor.java:196)
at org.openqa.selenium.remote.service.DriverCommandExecutor.lambda$execute$1(DriverCommandExecutor.java:128)
at java.base/java.util.concurrent.CompletableFuture$AsyncSupply.run(CompletableFuture.java:1768)
... 3 more
Caused by: java.net.SocketException: Connection reset
at java.base/sun.nio.ch.SocketChannelImpl.throwConnectionReset(SocketChannelImpl.java:401)
at java.base/sun.nio.ch.SocketChannelImpl.read(SocketChannelImpl.java:434)
at io.netty.buffer.PooledByteBuf.setBytes(PooledByteBuf.java:256)
at io.netty.buffer.AbstractByteBuf.writeBytes(AbstractByteBuf.java:1132)
at io.netty.channel.socket.nio.NioSocketChannel.doReadBytes(NioSocketChannel.java:357)
at io.netty.channel.nio.AbstractNioByteChannel$NioByteUnsafe.read(AbstractNioByteChannel.java:151)
at io.netty.channel.nio.NioEventLoop.processSelectedKey(NioEventLoop.java:788)
at io.netty.channel.nio.NioEventLoop.processSelectedKeysOptimized(NioEventLoop.java:724)
at io.netty.channel.nio.NioEventLoop.processSelectedKeys(NioEventLoop.java:650)
at io.netty.channel.nio.NioEventLoop.run(NioEventLoop.java:562)
at io.netty.util.concurrent.SingleThreadEventExecutor$4.run(SingleThreadEventExecutor.java:997)
at io.netty.util.internal.ThreadExecutorMap$2.run(ThreadExecutorMap.java:74)
at io.netty.util.concurrent.FastThreadLocalRunnable.run(FastThreadLocalRunnable.java:30)
... 1 more
... Removed 12 stack frames]]>
    </failure>
  </testcase> <!-- @AfterTest tearDown -->
  <testcase classname="allTest.HotelsTest" name="navigateToHotelsPage" time="45.5">
    <failure type="org.openqa.selenium.NoSuchElementException" message="no such element: Unable to locate element: {&amp;quot;method&amp;quot;:&amp;quot;xpath&amp;quot;,&amp;quot;selector&amp;quot;:&amp;quot;//*[@class=&amp;apos;logSprite icClose&amp;apos;]&amp;quot;}
  (Session info: chrome=118.0.5993.71)
For documentation on this error, please visit: https://www.selenium.dev/documentation/webdriver/troubleshooting/errors#no-such-element-exception
Build info: version: &amp;apos;4.11.0&amp;apos;, revision: &amp;apos;040bc5406b&amp;apos;
System info: os.name: &amp;apos;Windows 11&amp;apos;, os.arch: &amp;apos;amd64&amp;apos;, os.version: &amp;apos;10.0&amp;apos;, java.version: &amp;apos;19.0.2&amp;apos;
Driver info: org.openqa.selenium.chrome.ChromeDriver
Command: [e8585a782204e5631d14eae6a24238ee, findElement {using=xpath, value=//*[@class=&amp;apos;logSprite icClose&amp;apos;]}]
Capabilities {acceptInsecureCerts: false, browserName: chrome, browserVersion: 118.0.5993.71, chrome: {chromedriverVersion: 118.0.5993.70 (e52f33f30b91..., userDataDir: C:\Windows\SystemTemp\scope...}, fedcm:accounts: true, goog:chromeOptions: {debuggerAddress: localhost:60186}, networkConnectionEnabled: false, pageLoadStrategy: normal, platformName: windows, proxy: Proxy(), se:cdp: ws://localhost:60186/devtoo..., se:cdpVersion: 118.0.5993.71, setWindowRect: true, strictFileInteractability: false, timeouts: {implicit: 0, pageLoad: 300000, script: 30000}, unhandledPromptBehavior: dismiss and notify, webauthn:extension:credBlob: true, webauthn:extension:largeBlob: true, webauthn:extension:minPinLength: true, webauthn:extension:prf: true, webauthn:virtualAuthenticators: true}
Session ID: e8585a782204e5631d14eae6a24238ee">
      <![CDATA[org.openqa.selenium.NoSuchElementException: no such element: Unable to locate element: {"method":"xpath","selector":"//*[@class='logSprite icClose']"}
  (Session info: chrome=118.0.5993.71)
For documentation on this error, please visit: https://www.selenium.dev/documentation/webdriver/troubleshooting/errors#no-such-element-exception
Build info: version: '4.11.0', revision: '040bc5406b'
System info: os.name: 'Windows 11', os.arch: 'amd64', os.version: '10.0', java.version: '19.0.2'
Driver info: org.openqa.selenium.chrome.ChromeDriver
Command: [e8585a782204e5631d14eae6a24238ee, findElement {using=xpath, value=//*[@class='logSprite icClose']}]
Capabilities {acceptInsecureCerts: false, browserName: chrome, browserVersion: 118.0.5993.71, chrome: {chromedriverVersion: 118.0.5993.70 (e52f33f30b91..., userDataDir: C:\Windows\SystemTemp\scope...}, fedcm:accounts: true, goog:chromeOptions: {debuggerAddress: localhost:60186}, networkConnectionEnabled: false, pageLoadStrategy: normal, platformName: windows, proxy: Proxy(), se:cdp: ws://localhost:60186/devtoo..., se:cdpVersion: 118.0.5993.71, setWindowRect: true, strictFileInteractability: false, timeouts: {implicit: 0, pageLoad: 300000, script: 30000}, unhandledPromptBehavior: dismiss and notify, webauthn:extension:credBlob: true, webauthn:extension:largeBlob: true, webauthn:extension:minPinLength: true, webauthn:extension:prf: true, webauthn:virtualAuthenticators: true}
Session ID: e8585a782204e5631d14eae6a24238ee
at org.openqa.selenium.remote.codec.w3c.W3CHttpResponseCodec.createException(W3CHttpResponseCodec.java:200)
at org.openqa.selenium.remote.codec.w3c.W3CHttpResponseCodec.decode(W3CHttpResponseCodec.java:133)
at org.openqa.selenium.remote.codec.w3c.W3CHttpResponseCodec.decode(W3CHttpResponseCodec.java:52)
at org.openqa.selenium.remote.HttpCommandExecutor.execute(HttpCommandExecutor.java:191)
at org.openqa.selenium.remote.service.DriverCommandExecutor.invokeExecute(DriverCommandExecutor.java:196)
at org.openqa.selenium.remote.service.DriverCommandExecutor.execute(DriverCommandExecutor.java:171)
at org.openqa.selenium.remote.RemoteWebDriver.execute(RemoteWebDriver.java:518)
at org.openqa.selenium.remote.ElementLocation$ElementFinder$2.findElement(ElementLocation.java:165)
at org.openqa.selenium.remote.ElementLocation.findElement(ElementLocation.java:59)
at org.openqa.selenium.remote.RemoteWebDriver.findElement(RemoteWebDriver.java:355)
at org.openqa.selenium.remote.RemoteWebDriver.findElement(RemoteWebDriver.java:349)
at pages.Homepage.closeSigninPopup(Homepage.java:127)
at allTest.HotelsTest.navigateToHotelsPage(HotelsTest.java:63)
at java.base/java.util.ArrayList.forEach(ArrayList.java:1511)
at java.base/java.util.concurrent.FutureTask.run(FutureTask.java:317)
at java.base/java.util.concurrent.ThreadPoolExecutor.runWorker(ThreadPoolExecutor.java:1144)
at java.base/java.util.concurrent.ThreadPoolExecutor$Worker.run(ThreadPoolExecutor.java:642)
at java.base/java.lang.Thread.run(Thread.java:1589)
... Removed 18 stack frames]]>
    </failure>
  </testcase> <!-- navigateToHotelsPage -->
  <testcase classname="allTest.HotelsTest" name="validationOfRadioButtons" time="0.0">
    <skipped/>
  </testcase> <!-- validationOfRadioButtons -->
  <testcase classname="allTest.HotelsTest" name="validationOfWhereSearchfield" time="0.0">
    <skipped/>
  </testcase> <!-- validationOfWhereSearchfield -->
  <testcase classname="allTest.HotelsTest" name="validationOfDateFields" time="0.0">
    <skipped/>
  </testcase> <!-- validationOfDateFields -->
  <testcase classname="allTest.HotelsTest" name="validationOfAdultsField" time="0.0">
    <skipped/>
  </testcase> <!-- validationOfAdultsField -->
  <testcase classname="allTest.HotelsTest" name="validationOfRoomsField" time="0.0">
    <skipped/>
  </testcase> <!-- validationOfRoomsField -->
  <testcase classname="allTest.HotelsTest" name="validationOfChildrenField" time="0.0">
    <skipped/>
  </testcase> <!-- validationOfChildrenField -->
  <testcase classname="allTest.HotelsTest" name="verify0RoomAdd" time="0.0">
    <skipped/>
  </testcase> <!-- verify0RoomAdd -->
  <testcase classname="allTest.HotelsTest" name="verify0AdultAdd" time="0.0">
    <skipped/>
  </testcase> <!-- verify0AdultAdd -->
  <testcase classname="allTest.HotelsTest" name="validationOfSearchField" time="0.0">
    <skipped/>
  </testcase> <!-- validationOfSearchField -->
  <testcase classname="allTest.HotelsTest" name="verifySearchCriteria" time="0.0">
    <skipped/>
  </testcase> <!-- verifySearchCriteria -->
  <testcase classname="allTest.HotelsTest" name="verifySortingOptions" time="0.0">
    <skipped/>
  </testcase> <!-- verifySortingOptions -->
  <testcase classname="allTest.HotelsTest" name="verifyPriceFilter" time="0.0">
    <skipped/>
  </testcase> <!-- verifyPriceFilter -->
  <testcase classname="allTest.HotelsTest" name="verifyCustomerRatingFilter" time="0.001">
    <skipped/>
  </testcase> <!-- verifyCustomerRatingFilter -->
  <testcase classname="allTest.HotelsTest" name="verifyHotelSelection" time="0.0">
    <skipped/>
  </testcase> <!-- verifyHotelSelection -->
  <testcase classname="allTest.HotelsTest" name="verifyRoomOptionsSelection" time="0.0">
    <skipped/>
  </testcase> <!-- verifyRoomOptionsSelection -->
  <testcase classname="allTest.HotelsTest" name="validateSearchCriteria" time="0.0">
    <skipped/>
  </testcase> <!-- validateSearchCriteria -->
  <testcase classname="allTest.HotelsTest" name="verifyOfferCodeSelection" time="0.0">
    <skipped/>
  </testcase> <!-- verifyOfferCodeSelection -->
  <testcase classname="allTest.HotelsTest" name="verifyPriceSummary" time="0.0">
    <skipped/>
  </testcase> <!-- verifyPriceSummary -->
  <testcase classname="allTest.HotelsTest" name="verifyRequiredFields" time="0.0">
    <skipped/>
  </testcase> <!-- verifyRequiredFields -->
  <testcase classname="allTest.HotelsTest" name="verifyPaymentButton" time="0.0">
    <skipped/>
  </testcase> <!-- verifyPaymentButton -->
  <testcase classname="allTest.HotelsTest" name="verifyDetailsOnPaymentGateway" time="0.0">
    <skipped/>
  </testcase> <!-- verifyDetailsOnPaymentGateway -->
  <testcase classname="allTest.HotelsTest" name="verifyCardPaymentOption" time="0.001">
    <skipped/>
  </testcase> <!-- verifyCardPaymentOption -->
  <testcase classname="allTest.HotelsTest" name="verifyCardDetailsFields" time="0.0">
    <skipped/>
  </testcase> <!-- verifyCardDetailsFields -->
  <testcase classname="allTest.HotelsTest" name="verifyPayWithoutSavingCardButton" time="0.0">
    <skipped/>
  </testcase> <!-- verifyPayWithoutSavingCardButton -->
</testsuite> <!-- Test1 -->
