<?xml version="1.0" encoding="UTF-8"?>
<!-- Generated by org.testng.reporters.JUnitXMLReporter -->
<testsuite ignored="0" hostname="LTIN294257" failures="0" tests="3" name="Test2" time="26.746" errors="0" timestamp="2024-01-17T16:34:16 IST">
  <testcase classname="allTest.LoginTest" name="invalidSignIn" time="3.369"/>
  <testcase classname="allTest.LoginTest" name="invalidSignIn" time="0.244"/>
  <testcase classname="allTest.LoginTest" name="signIn" time="19.217"/>
</testsuite> <!-- Test2 -->
