<?xml version="1.0" encoding="UTF-8"?>
<!-- Generated by org.testng.reporters.JUnitXMLReporter -->
<testsuite ignored="0" hostname="LTIN294257" failures="1" tests="18" name="Test3" time="9.364" errors="0" timestamp="2024-01-15T16:24:42 IST">
  <testcase classname="allTest.FlightTest" name="navigateToFLightsPage" time="3.682">
    <failure type="org.openqa.selenium.NoSuchElementException" message="Unable to find element with locator By.xpath: //*[@class=&amp;apos;logSprite icClose&amp;apos;]
For documentation on this error, please visit: https://www.selenium.dev/documentation/webdriver/troubleshooting/errors#no-such-element-exception
Build info: version: &amp;apos;4.11.0&amp;apos;, revision: &amp;apos;040bc5406b&amp;apos;
System info: os.name: &amp;apos;Windows 11&amp;apos;, os.arch: &amp;apos;amd64&amp;apos;, os.version: &amp;apos;10.0&amp;apos;, java.version: &amp;apos;19.0.2&amp;apos;
Driver info: driver.version: RemoteWebDriver">
      <![CDATA[org.openqa.selenium.NoSuchElementException: Unable to find element with locator By.xpath: //*[@class='logSprite icClose']
For documentation on this error, please visit: https://www.selenium.dev/documentation/webdriver/troubleshooting/errors#no-such-element-exception
Build info: version: '4.11.0', revision: '040bc5406b'
System info: os.name: 'Windows 11', os.arch: 'amd64', os.version: '10.0', java.version: '19.0.2'
Driver info: driver.version: RemoteWebDriver
at org.openqa.selenium.remote.ElementLocation$ElementFinder$2.findElement(ElementLocation.java:168)
at org.openqa.selenium.remote.ElementLocation.findElement(ElementLocation.java:59)
at org.openqa.selenium.remote.RemoteWebDriver.findElement(RemoteWebDriver.java:355)
at org.openqa.selenium.remote.RemoteWebDriver.findElement(RemoteWebDriver.java:349)
at pages.Homepage.closeSigninPopup(Homepage.java:127)
at allTest.FlightTest.navigateToFLightsPage(FlightTest.java:31)
at java.base/java.util.ArrayList.forEach(ArrayList.java:1511)
... Removed 25 stack frames]]>
    </failure>
  </testcase> <!-- navigateToFLightsPage -->
  <testcase classname="allTest.FlightTest" name="verifyFromTextBox" time="0.0">
    <skipped/>
  </testcase> <!-- verifyFromTextBox -->
  <testcase classname="allTest.FlightTest" name="verifyOriginCity" time="0.0">
    <skipped/>
  </testcase> <!-- verifyOriginCity -->
  <testcase classname="allTest.FlightTest" name="verifyToTextBox" time="0.0">
    <skipped/>
  </testcase> <!-- verifyToTextBox -->
  <testcase classname="allTest.FlightTest" name="verifyDestinationCity" time="0.0">
    <skipped/>
  </testcase> <!-- verifyDestinationCity -->
  <testcase classname="allTest.FlightTest" name="verifyDateBtn" time="0.001">
    <skipped/>
  </testcase> <!-- verifyDateBtn -->
  <testcase classname="allTest.FlightTest" name="validationOfLowestFares" time="0.0">
    <skipped/>
  </testcase> <!-- validationOfLowestFares -->
  <testcase classname="allTest.FlightTest" name="lowestDateSelection" time="0.0">
    <skipped/>
  </testcase> <!-- lowestDateSelection -->
  <testcase classname="allTest.FlightTest" name="enterTravellerDetails" time="0.0">
    <skipped/>
  </testcase> <!-- enterTravellerDetails -->
  <testcase classname="allTest.FlightTest" name="verifySearchButton" time="0.0">
    <skipped/>
  </testcase> <!-- verifySearchButton -->
  <testcase classname="allTest.FlightTest" name="verifyPriceFilter" time="0.0">
    <skipped/>
  </testcase> <!-- verifyPriceFilter -->
  <testcase classname="allTest.FlightTest" name="verifyBookBtn" time="0.001">
    <skipped/>
  </testcase> <!-- verifyBookBtn -->
  <testcase classname="allTest.FlightTest" name="verifyFlightDetails" time="0.0">
    <skipped/>
  </testcase> <!-- verifyFlightDetails -->
  <testcase classname="allTest.FlightTest" name="enterPassengerDetails" time="0.0">
    <skipped/>
  </testcase> <!-- enterPassengerDetails -->
  <testcase classname="allTest.FlightTest" name="verifyPassengerDetails" time="0.0">
    <skipped/>
  </testcase> <!-- verifyPassengerDetails -->
  <testcase classname="allTest.FlightTest" name="verifyCardPaymentOption" time="0.0">
    <skipped/>
  </testcase> <!-- verifyCardPaymentOption -->
  <testcase classname="allTest.FlightTest" name="verifyCardDetailsFields" time="0.0">
    <skipped/>
  </testcase> <!-- verifyCardDetailsFields -->
  <testcase classname="allTest.FlightTest" name="verifyPayWithoutSavingCardButton" time="0.0">
    <skipped/>
  </testcase> <!-- verifyPayWithoutSavingCardButton -->
</testsuite> <!-- Test3 -->
