<?xml version="1.0" encoding="UTF-8"?>
<!-- Generated by org.testng.reporters.JUnitXMLReporter -->
<testsuite ignored="0" hostname="LTIN294257" failures="0" tests="18" name="Default test" time="128.896" errors="0" timestamp="2024-01-08T11:32:01 IST">
  <testcase classname="allTest.FlightTest" name="navigateToFLightsPage" time="1.697"/>
  <testcase classname="allTest.FlightTest" name="verifyFromTextBox" time="0.266"/>
  <testcase classname="allTest.FlightTest" name="verifyOriginCity" time="0.569"/>
  <testcase classname="allTest.FlightTest" name="verifyToTextBox" time="0.011"/>
  <testcase classname="allTest.FlightTest" name="verifyDestinationCity" time="0.35"/>
  <testcase classname="allTest.FlightTest" name="verifyDateBtn" time="0.013"/>
  <testcase classname="allTest.FlightTest" name="validationOfLowestFares" time="46.945"/>
  <testcase classname="allTest.FlightTest" name="lowestDateSelection" time="0.509"/>
  <testcase classname="allTest.FlightTest" name="enterTravellerDetails" time="0.105"/>
  <testcase classname="allTest.FlightTest" name="verifySearchButton" time="16.979"/>
  <testcase classname="allTest.FlightTest" name="verifyPriceFilter" time="26.191"/>
  <testcase classname="allTest.FlightTest" name="verifyBookBtn" time="2.462"/>
  <testcase classname="allTest.FlightTest" name="verifyFlightDetails" time="0.071"/>
  <testcase classname="allTest.FlightTest" name="enterPassengerDetails" time="19.745"/>
  <testcase classname="allTest.FlightTest" name="verifyPassengerDetails" time="0.298"/>
  <testcase classname="allTest.FlightTest" name="verifyCardPaymentOption" time="0.18"/>
  <testcase classname="allTest.FlightTest" name="verifyCardDetailsFields" time="1.464"/>
  <testcase classname="allTest.FlightTest" name="verifyPayWithoutSavingCardButton" time="0.113"/>
</testsuite> <!-- Default test -->
