<?xml version="1.0" encoding="UTF-8"?>
<!-- Generated by org.testng.reporters.JUnitXMLReporter -->
<testsuite ignored="0" hostname="LTIN294257" failures="0" tests="27" name="Default test" time="41.58" errors="0" timestamp="2024-01-15T16:59:22 IST">
  <testcase classname="allTest.HotelsTest" name="navigateToHotelsPage" time="2.509"/>
  <testcase classname="allTest.HotelsTest" name="validationOfRadioButtons" time="0.888"/>
  <testcase classname="allTest.HotelsTest" name="validationOfWhereSearchfield" time="1.036"/>
  <testcase classname="allTest.HotelsTest" name="validationOfDateFields" time="0.477"/>
  <testcase classname="allTest.HotelsTest" name="validationOfAdultsField" time="0.278"/>
  <testcase classname="allTest.HotelsTest" name="validationOfRoomsField" time="0.306"/>
  <testcase classname="allTest.HotelsTest" name="validationOfChildrenField" time="0.73"/>
  <testcase classname="allTest.HotelsTest" name="verify0RoomAdd" time="0.316"/>
  <testcase classname="allTest.HotelsTest" name="verify0AdultAdd" time="0.306"/>
  <testcase classname="allTest.HotelsTest" name="validationOfSearchField" time="0.991"/>
  <testcase classname="allTest.HotelsTest" name="verifySearchCriteria" time="0.238"/>
  <testcase classname="allTest.HotelsTest" name="verifySortingOptions" time="2.729"/>
  <testcase classname="allTest.HotelsTest" name="verifySortingOptions" time="1.703"/>
  <testcase classname="allTest.HotelsTest" name="verifySortingOptions" time="1.714"/>
  <testcase classname="allTest.HotelsTest" name="verifyPriceFilter" time="2.655"/>
  <testcase classname="allTest.HotelsTest" name="verifyCustomerRatingFilter" time="1.325"/>
  <testcase classname="allTest.HotelsTest" name="verifyHotelSelection" time="2.064"/>
  <testcase classname="allTest.HotelsTest" name="verifyRoomOptionsSelection" time="2.281"/>
  <testcase classname="allTest.HotelsTest" name="validateSearchCriteria" time="0.069"/>
  <testcase classname="allTest.HotelsTest" name="verifyOfferCodeSelection" time="0.802"/>
  <testcase classname="allTest.HotelsTest" name="verifyPriceSummary" time="0.154"/>
  <testcase classname="allTest.HotelsTest" name="verifyRequiredFields" time="0.833"/>
  <testcase classname="allTest.HotelsTest" name="verifyPaymentButton" time="2.967"/>
  <testcase classname="allTest.HotelsTest" name="verifyDetailsOnPaymentGateway" time="0.147"/>
  <testcase classname="allTest.HotelsTest" name="verifyCardPaymentOption" time="0.252"/>
  <testcase classname="allTest.HotelsTest" name="verifyCardDetailsFields" time="1.351"/>
  <testcase classname="allTest.HotelsTest" name="verifyPayWithoutSavingCardButton" time="0.81"/>
</testsuite> <!-- Default test -->
